<?xml version="1.0" encoding="UTF-8"?>
<coverage generated="1707137781441" clover="3.2.0">
  <project timestamp="1707137781441" name="All files">
    <metrics statements="5" coveredstatements="5" conditionals="0" coveredconditionals="0" methods="4" coveredmethods="4" elements="9" coveredelements="9" complexity="0" loc="5" ncloc="5" packages="1" files="1" classes="1"/>
    <file name="Avatar.ts" path="C:\Users\usuario\Documents\Documentos UAO\Décimo semestre (The E.N.D)\Sistemas Multimedia Audiovisuales\Primer corte\Tutorial 1\src\avatar\domain\Avatar.ts">
      <metrics statements="5" coveredstatements="5" conditionals="0" coveredconditionals="0" methods="4" coveredmethods="4"/>
      <line num="1" count="1" type="stmt"/>
      <line num="5" count="2" type="stmt"/>
      <line num="9" count="4" type="stmt"/>
      <line num="12" count="1" type="stmt"/>
      <line num="15" count="1" type="stmt"/>
    </file>
  </project>
</coverage>
