{"C:\\Users\\usuario\\Documents\\Documentos UAO\\Décimo semestre (The E.N.D)\\Sistemas Multimedia Audiovisuales\\Primer corte\\Tutorial 1\\src\\avatar\\domain\\Avatar.ts": {"path":"C:\\Users\\usuario\\Documents\\Documentos UAO\\Décimo semestre (The E.N.D)\\Sistemas Multimedia Audiovisuales\\Primer corte\\Tutorial 1\\src\\avatar\\domain\\Avatar.ts","statementMap":{"0":{"start":{"line":5,"column":4},"end":{"line":5,"column":32}},"1":{"start":{"line":9,"column":4},"end":{"line":9,"column":35}},"2":{"start":{"line":12,"column":4},"end":{"line":12,"column":30}},"3":{"start":{"line":15,"column":4},"end":{"line":15,"column":30}},"4":{"start":{"line":1,"column":0},"end":{"line":1,"column":13}}},"fnMap":{"0":{"name":"(anonymous_0)","decl":{"start":{"line":4,"column":2},"end":{"line":4,"column":null}},"loc":{"start":{"line":4,"column":2},"end":{"line":6,"column":3}}},"1":{"name":"(anonymous_1)","decl":{"start":{"line":8,"column":2},"end":{"line":8,"column":23}},"loc":{"start":{"line":8,"column":23},"end":{"line":10,"column":3}}},"2":{"name":"(anonymous_2)","decl":{"start":{"line":11,"column":2},"end":{"line":11,"column":10}},"loc":{"start":{"line":11,"column":10},"end":{"line":13,"column":3}}},"3":{"name":"(anonymous_3)","decl":{"start":{"line":14,"column":2},"end":{"line":14,"column":11}},"loc":{"start":{"line":14,"column":11},"end":{"line":16,"column":3}}}},"branchMap":{},"s":{"0":2,"1":4,"2":1,"3":1,"4":1},"f":{"0":2,"1":4,"2":1,"3":1},"b":{}}
}
